
          ~~~~~~~~~~~~~~~~~~~~~~~~~~~~~~~~~~~~~~~~~~~~~~~~~~~~~~~
          Helios  v1.0                                      2016
          ~~~~~~~~~~~~~~~~~~~~~~~~~~~~~~~~~~~~~~~~~~~~~~~~~~~~~~~

          inputhelix            cg1.pdb                                                                                             
          coord_type                           1
             num_grd                         360
              natoms                           8
             nframes                           1
        grid_phi_beg                      0.0000
        grid_phi_end                    180.0000
      grid_theta_beg                      0.0000
      grid_theta_end                    180.0000
               dsDNA                           0
        opt_axis_out                           0
       all_helix_out                           0
             oradian                           0
     helix_atom_name            X1  
       helixout_name            kHelix.cg1.pdb.out                                                                                  
          print_sing                           0
          print_step                           0
       print_to_plot                           1

 ~~~~~~~~~~~~~~~~~~~~~~~~~~~~~~~~~~~~~~~~~~~~~~~~~~~~~~~~~~~~~~~~
          Helios  execution info                              :::
 ~~~~~~~~~~~~~~~~~~~~~~~~~~~~~~~~~~~~~~~~~~~~~~~~~~~~~~~~~~~~~~~~

| Run on 08/06/2019 at 09:55:18

| Executable path:   /home/gmeek/software/kHelios/bin/helios.o
| Working directory: /home/gmeek/Foldamers/foldamers/examples/kHelios_helicity

 ~~~~~~~~~~~~~~~~~~~~~~~~~~~~~~~~~~~~~~~~~~~~~~~~~~~~~~~~~~~~~~~~
          Helios  results                                     :::
 ~~~~~~~~~~~~~~~~~~~~~~~~~~~~~~~~~~~~~~~~~~~~~~~~~~~~~~~~~~~~~~~~


 ................................................................
          Phi     Theta  Residual    Radius    Pitch1    Sweep1
 ................................................................

     107.0000  121.0000    1.0158   10.6452   26.8146  234.9545

          ~~~~~~~~~~~~~~~~~~~~~~~~~~~~~~~~~~~~~~~~~~~~~~~~~~~~~~~
          Helios  execution timing:                         :::
          ~~~~~~~~~~~~~~~~~~~~~~~~~~~~~~~~~~~~~~~~~~~~~~~~~~~~~~~

   Duration of Helios execution (seconds):            3.432177
