Calculation time was: 1.172132000036072 seconds.
[[-5.08793056 -4.62539141 -4.23994213 -3.91379274 -3.63423611 -3.3919537
  -3.1799566  -2.99290033 -2.82662809 -2.67785819]
 [-5.08793056 -4.62539141 -4.23994213 -3.91379274 -3.63423611 -3.3919537
  -3.1799566  -2.99290033 -2.82662809 -2.67785819]
 [-5.08793056 -4.62539141 -4.23994213 -3.91379274 -3.63423611 -3.3919537
  -3.1799566  -2.99290033 -2.82662809 -2.67785819]
 [-5.08793056 -4.62539141 -4.23994213 -3.91379274 -3.63423611 -3.3919537
  -3.1799566  -2.99290033 -2.82662809 -2.67785819]
 [-5.08793056 -4.62539141 -4.23994213 -3.91379274 -3.63423611 -3.3919537
  -3.1799566  -2.99290033 -2.82662809 -2.67785819]
 [-5.08793056 -4.62539141 -4.23994213 -3.91379274 -3.63423611 -3.3919537
  -3.1799566  -2.99290033 -2.82662809 -2.67785819]
 [-5.08793056 -4.62539141 -4.23994213 -3.91379274 -3.63423611 -3.3919537
  -3.1799566  -2.99290033 -2.82662809 -2.67785819]
 [-5.08793056 -4.62539141 -4.23994213 -3.91379274 -3.63423611 -3.3919537
  -3.1799566  -2.99290033 -2.82662809 -2.67785819]
 [-5.08793056 -4.62539141 -4.23994213 -3.91379274 -3.63423611 -3.3919537
  -3.1799566  -2.99290033 -2.82662809 -2.67785819]
 [-5.08793056 -4.62539141 -4.23994213 -3.91379274 -3.63423611 -3.3919537
  -3.1799566  -2.99290033 -2.82662809 -2.67785819]]
